<?xml version="1.0" encoding="UTF-8"?>
<!-- Generated by org.testng.reporters.JUnitReportReporter -->
<testsuite hostname="MSI" failures="0" tests="2" name="demo.ExecutionOrderOfAnnotations" time="0.016" errors="0" timestamp="2023-04-27T19:25:59 IST" skipped="0">
  <testcase classname="demo.ExecutionOrderOfAnnotations" name="testCaseOne" time="0.010"/>
  <system-out/>
  <testcase classname="demo.ExecutionOrderOfAnnotations" name="testCaseTwo" time="0.006"/>
  <system-out/>
</testsuite> <!-- demo.ExecutionOrderOfAnnotations -->
