<?xml version="1.0" encoding="UTF-8"?>
<!-- Generated by org.testng.reporters.JUnitReportReporter -->
<testsuite hostname="MSI" failures="0" tests="2" name="extentReports.AddScreenshotToExtent" time="0.339" errors="0" timestamp="2023-04-24T14:23:19 IST" skipped="0">
  <testcase classname="extentReports.AddScreenshotToExtent" name="checkTitle" time="0.060"/>
  <system-out/>
  <testcase classname="extentReports.AddScreenshotToExtent" name="clickAboutLink" time="0.279"/>
  <system-out/>
</testsuite> <!-- extentReports.AddScreenshotToExtent -->
