<?xml version="1.0" encoding="UTF-8"?>
<!-- Generated by org.testng.reporters.JUnitReportReporter -->
<testsuite hostname="MSI" failures="0" tests="2" name="testngTestCases.Annotations" time="0.011" errors="0" timestamp="2023-04-13T09:49:07 IST" skipped="0">
  <testcase classname="testngTestCases.Annotations" name="test2" time="0.004"/>
  <system-out/>
  <testcase classname="testngTestCases.Annotations" name="test1" time="0.007"/>
  <system-out/>
</testsuite> <!-- testngTestCases.Annotations -->
