<?xml version="1.0" encoding="UTF-8"?>
<!-- Generated by org.testng.reporters.JUnitReportReporter -->
<testsuite hostname="MSI" failures="0" tests="3" name="extentReports.ExtentReportDemo" time="0.034" errors="0" timestamp="2023-04-24T14:14:14 IST" skipped="0">
  <testcase classname="extentReports.ExtentReportDemo" name="productpage" time="0.002"/>
  <system-out/>
  <testcase classname="extentReports.ExtentReportDemo" name="homepage" time="0.020"/>
  <system-out/>
  <testcase classname="extentReports.ExtentReportDemo" name="signIn" time="0.012"/>
  <system-out/>
</testsuite> <!-- extentReports.ExtentReportDemo -->
