<?xml version="1.0" encoding="UTF-8"?>
<!-- Generated by org.testng.reporters.JUnitReportReporter -->
<testsuite hostname="MSI" failures="0" tests="2" name="testngTestCases.Class1" time="0.028" errors="0" timestamp="2023-04-18T09:21:33 IST" skipped="0">
  <testcase classname="testngTestCases.Class1" name="m1" time="0.020"/>
  <system-out/>
  <testcase classname="testngTestCases.Class1" name="m6" time="0.008"/>
  <system-out/>
</testsuite> <!-- testngTestCases.Class1 -->
