<?xml version="1.0" encoding="UTF-8"?>
<!-- Generated by org.testng.reporters.JUnitReportReporter -->
<testsuite hostname="MSI" failures="0" tests="4" name="testngTestCases.DataDriven" time="6.678" errors="0" timestamp="2023-04-13T10:58:50 IST" skipped="0">
  <testcase classname="testngTestCases.DataDriven" name="fburl" time="2.558"/>
  <system-out/>
  <testcase classname="testngTestCases.DataDriven" name="fbLogin" time="0.226"/>
  <system-out/>
  <testcase classname="testngTestCases.DataDriven" name="fbLogin" time="1.530"/>
  <system-out/>
  <testcase classname="testngTestCases.DataDriven" name="fbLogin" time="2.364"/>
  <system-out/>
</testsuite> <!-- testngTestCases.DataDriven -->
