<?xml version="1.0" encoding="UTF-8"?>
<!-- Generated by org.testng.reporters.JUnitReportReporter -->
<testsuite hostname="MSI" failures="0" tests="2" name="baseTest.Class3" time="0.029" errors="0" timestamp="2023-04-21T13:08:38 IST" skipped="0">
  <testcase classname="baseTest.Class3" name="tc5" time="0.017"/>
  <system-out/>
  <testcase classname="baseTest.Class3" name="tc6" time="0.012"/>
  <system-out/>
</testsuite> <!-- baseTest.Class3 -->
