<?xml version="1.0" encoding="UTF-8"?>
<!-- Generated by org.testng.reporters.JUnitReportReporter -->
<testsuite hostname="MSI" failures="0" tests="2" name="demo.MultiDataProvider" time="7.960" errors="0" timestamp="2023-04-27T19:19:13 IST" skipped="0">
  <testcase classname="demo.MultiDataProvider" name="loginFacebook" time="3.421"/>
  <system-out/>
  <testcase classname="demo.MultiDataProvider" name="loginFacebook" time="4.539"/>
  <system-out/>
</testsuite> <!-- demo.MultiDataProvider -->
