<?xml version="1.0" encoding="UTF-8"?>
<!-- Generated by org.testng.reporters.JUnitReportReporter -->
<testsuite hostname="MSI" failures="0" tests="1" name="testngTestCases.Class2" time="0.002" errors="0" timestamp="2023-04-18T09:21:33 IST" skipped="0">
  <testcase classname="testngTestCases.Class2" name="m7" time="0.002"/>
  <system-out/>
</testsuite> <!-- testngTestCases.Class2 -->
