<?xml version="1.0" encoding="UTF-8"?>
<!-- Generated by org.testng.reporters.JUnitReportReporter -->
<testsuite hostname="MSI" failures="0" tests="2" name="testngTestCases.Class3" time="0.004" errors="0" timestamp="2023-04-18T09:21:33 IST" skipped="0">
  <testcase classname="testngTestCases.Class3" name="m3" time="0.002"/>
  <system-out/>
  <testcase classname="testngTestCases.Class3" name="m4" time="0.002"/>
  <system-out/>
</testsuite> <!-- testngTestCases.Class3 -->
