<?xml version="1.0" encoding="UTF-8"?>
<!-- Generated by org.testng.reporters.JUnitReportReporter -->
<testsuite hostname="MSI" failures="0" tests="3" name="baseTest.CrossBrowserDemo" time="0.993" errors="0" timestamp="2023-04-21T13:03:05 IST" skipped="0">
  <testcase classname="baseTest.CrossBrowserDemo" name="checkGoogle_Title" time="0.046"/>
  <system-out/>
  <testcase classname="baseTest.CrossBrowserDemo" name="checkGoogle_Title" time="0.609"/>
  <system-out/>
  <testcase classname="baseTest.CrossBrowserDemo" name="checkGoogle_Title" time="0.338"/>
  <system-out/>
</testsuite> <!-- baseTest.CrossBrowserDemo -->
