<?xml version="1.0" encoding="UTF-8"?>
<!-- Generated by org.testng.reporters.JUnitReportReporter -->
<testsuite hostname="MSI" failures="0" tests="2" name="testngTestCases.FbCheck" time="0.051" errors="0" timestamp="2023-04-14T10:48:15 IST" skipped="0">
  <testcase classname="testngTestCases.FbCheck" name="fbTitle" time="0.031"/>
  <system-out/>
  <testcase classname="testngTestCases.FbCheck" name="fbUrl" time="0.020"/>
  <system-out/>
</testsuite> <!-- testngTestCases.FbCheck -->
