<?xml version="1.0" encoding="UTF-8"?>
<!-- Generated by org.testng.reporters.JUnitReportReporter -->
<testsuite hostname="MSI" failures="0" tests="4" name="testngTestCases.DataProviderSample" time="4.803" errors="0" timestamp="2023-04-14T09:54:14 IST" skipped="0">
  <testcase classname="testngTestCases.DataProviderSample" name="launchUrl" time="4.311"/>
  <system-out/>
  <testcase classname="testngTestCases.DataProviderSample" name="pageLogin" time="0.254"/>
  <system-out/>
  <testcase classname="testngTestCases.DataProviderSample" name="pageLogin" time="0.124"/>
  <system-out/>
  <testcase classname="testngTestCases.DataProviderSample" name="pageLogin" time="0.114"/>
  <system-out/>
</testsuite> <!-- testngTestCases.DataProviderSample -->
