<?xml version="1.0" encoding="UTF-8"?>
<!-- Generated by org.testng.reporters.JUnitReportReporter -->
<testsuite hostname="MSI" failures="0" tests="1" name="TestLayer.LoginFacebook" time="0.223" errors="0" timestamp="2023-05-09T12:50:39 IST" skipped="0">
  <testcase classname="TestLayer.LoginFacebook" name="loginFacebook" time="0.223"/>
  <system-out/>
</testsuite> <!-- TestLayer.LoginFacebook -->
