<?xml version="1.0" encoding="UTF-8"?>
<!-- Generated by org.testng.reporters.JUnitReportReporter -->
<testsuite hostname="MSI" failures="0" tests="1" name="com.Tests.OrangeLoginTest" time="943.565" errors="0" timestamp="2023-04-26T12:46:57 IST" skipped="0">
  <testcase classname="com.Tests.OrangeLoginTest" name="login" time="943.565"/>
  <system-out/>
</testsuite> <!-- com.Tests.OrangeLoginTest -->
