<?xml version="1.0" encoding="UTF-8"?>
<!-- Generated by org.testng.reporters.JUnitReportReporter -->
<testsuite hostname="MSI" failures="0" tests="1" name="com.pages.DemoExcelRead" time="6.271" errors="0" timestamp="2023-05-09T19:08:14 IST" skipped="0">
  <testcase classname="com.pages.DemoExcelRead" name="loginFb" time="6.271"/>
  <system-out/>
</testsuite> <!-- com.pages.DemoExcelRead -->
