<?xml version="1.0" encoding="UTF-8"?>
<!-- Generated by org.testng.reporters.JUnitReportReporter -->
<testsuite hostname="MSI" failures="0" tests="4" name="baseTest.ReadExcel" time="12.162" errors="0" timestamp="2023-05-06T08:19:56 IST" skipped="0">
  <testcase classname="baseTest.ReadExcel" name="loginFacebook" time="2.508"/>
  <system-out/>
  <testcase classname="baseTest.ReadExcel" name="loginFacebook" time="2.545"/>
  <system-out/>
  <testcase classname="baseTest.ReadExcel" name="loginFacebook" time="3.858"/>
  <system-out/>
  <testcase classname="baseTest.ReadExcel" name="loginFacebook" time="3.251"/>
  <system-out/>
</testsuite> <!-- baseTest.ReadExcel -->
