<?xml version="1.0" encoding="UTF-8"?>
<!-- Generated by org.testng.reporters.JUnitReportReporter -->
<testsuite hostname="MSI" failures="0" tests="3" name="demo.Parameters" time="12.013" errors="0" timestamp="2023-04-27T19:13:13 IST" skipped="0">
  <testcase classname="demo.Parameters" name="loginDetails" time="3.999"/>
  <system-out/>
  <testcase classname="demo.Parameters" name="loginDetails" time="3.889"/>
  <system-out/>
  <testcase classname="demo.Parameters" name="loginDetails" time="4.125"/>
  <system-out/>
</testsuite> <!-- demo.Parameters -->
